build/app/outputs/mapping/release/seeds.txt
com.zachnology.techreviews.MainActivity: MainActivity()
com.zachnology.techreviews.MainActivity
com.zachnology.techreviews.Application: Application()
com.zachnology.techreviews.Application
...
org.xmlpull.v1.XmlPullParser: java.lang.String getAttributeValue(int)
androidx.lifecycle.Lifecycle$Event: androidx.lifecycle.Lifecycle$Event ON_PAUSE
com.google.firebase.installations.local.PersistedInstallation$RegistrationStatus: com.google.firebase.installations.local.PersistedInstallation$RegistrationStatus[] values()
com.google.android.gms.internal.measurement.zzcd$zzd: java.lang.String zzd
io.flutter.embedding.engine.FlutterJNI: void onDisplayOverlaySurface(int,int,int,int,int)
io.flutter.embedding.engine.FlutterJNI: void onDisplayPlatformView(int,int,int,int,int,int,int,io.flutter.embedding.engine.mutatorsstack.FlutterMutatorsStack)
io.flutter.plugin.platform.SingleViewPresentation: SingleViewPresentation(android.content.Context,android.view.Display,io.flutter.plugin.platform.PlatformViewFactory,io.flutter.plugin.platform.AccessibilityEventsDelegate,int,java.lang.Object,android.view.View$OnFocusChangeListener)
io.flutter.plugin.platform.SingleViewPresentation: boolean startFocused
com.google.android.gms.internal.measurement.zzcd$zzg: long zzak
com.google.android.gms.measurement.AppMeasurement: java.util.Map getUserProperties(java.lang.String,java.lang.String,boolean)
org.chromium.support_lib_boundary.WebMessageCallbackBoundaryInterface: void onMessage(java.lang.reflect.InvocationHandler,java.lang.reflect.InvocationHandler)
io.flutter.embedding.engine.FlutterJNI: void nativeDispatchSemanticsAction(long,int,int,java.nio.ByteBuffer,int)
org.chromium.support_lib_boundary.WebSettingsBoundaryInterface: void setDisabledActionModeMenuItems(int)
com.google.android.gms.internal.measurement.zzca$zza: boolean zzf
com.google.android.gms.internal.measurement.zzcd$zzg: int zzao
com.google.android.gms.internal.measurement.zzcd$zzg: long zzu
io.flutter.embedding.engine.FlutterJNI: android.graphics.Bitmap nativeGetBitmap(long)
com.google.firebase.messaging.FirebaseMessaging: com.google.firebase.messaging.FirebaseMessaging getInstance(com.google.firebase.FirebaseApp)
io.flutter.view.AccessibilityBridge$Flag: io.flutter.view.AccessibilityBridge$Flag[] values()
io.flutter.view.FlutterView: float getDevicePixelRatio()
com.google.android.gms.internal.measurement.zzca$zzb: java.lang.String zzj
com.google.android.gms.auth.api.signin.internal.SignInConfiguration: android.os.Parcelable$Creator CREATOR
com.google.android.gms.internal.measurement.zzbv$zzd
com.google.android.gms.internal.measurement.zzcd$zzg: long zzh
com.google.android.gms.measurement.internal.AppMeasurementDynamiteService: void beginAdUnitExposure(java.lang.String,long)
com.google.android.gms.internal.measurement.zzcd$zzh: com.google.android.gms.internal.measurement.zzii zze
com.google.android.gms.internal.measurement.zzbv$zze: com.google.android.gms.internal.measurement.zzbv$zzc zzf
com.google.firebase.installations.FirebaseInstallationsRegistrar
org.xmlpull.v1.XmlPullParser: java.lang.String getName()
io.flutter.embedding.android.FlutterSplashView$SavedState: void writeToParcel(android.os.Parcel,int)
androidx.legacy.content.WakefulBroadcastReceiver: WakefulBroadcastReceiver()
androidx.lifecycle.Lifecycle$Event: androidx.lifecycle.Lifecycle$Event[] $VALUES
io.flutter.embedding.engine.FlutterJNI: android.os.Looper mainLooper
io.flutter.embedding.engine.FlutterJNI: void nativeSurfaceCreated(long,android.view.Surface)
io.flutter.embedding.engine.FlutterJNI: void nativeSurfaceChanged(long,int,int)
org.chromium.support_lib_boundary.WebResourceErrorBoundaryInterface
io.flutter.embedding.android.FlutterImageView
com.google.android.gms.internal.measurement.zzbv$zza: int zzd
com.google.android.gms.internal.measurement.zzhz: com.google.android.gms.internal.measurement.zzku zzb
androidx.loader.app.LoaderManagerImpl$LoaderViewModel
org.chromium.support_lib_boundary.WebResourceRequestBoundaryInterface: boolean isRedirect()
io.flutter.embedding.engine.mutatorsstack.FlutterMutatorsStack: void pushTransform(float[])