build/app/outputs/mapping/release/mapping.txt
# compiler: R8
# compiler_version: 2.1.62
# min_api: 18
# pg_map_id: e1b1b15
# common_typos_disable
com.zachnology.techreviews.Application -> com.zachnology.techreviews.Application:
    void registerWith(io.flutter.plugin.common.PluginRegistry) -> a
...
com.google.android.gms.measurement.internal.zzbd -> com.google.android.gms.measurement.internal.f0:
    com.google.android.gms.measurement.internal.zzee zza -> a
    java.lang.Object zza() -> a
com.google.android.gms.measurement.internal.zzbe -> com.google.android.gms.measurement.internal.g0:
    com.google.android.gms.measurement.internal.zzee zza -> a
    java.lang.Object zza() -> a
com.google.android.gms.measurement.internal.zzbf -> com.google.android.gms.measurement.internal.h0:
    com.google.android.gms.measurement.internal.zzee zza -> a
    java.lang.Object zza() -> a
com.google.android.gms.measurement.internal.zzbg -> com.google.android.gms.measurement.internal.i0:
    com.google.android.gms.measurement.internal.zzee zza -> a
    java.lang.Object zza() -> a
com.google.android.gms.measurement.internal.zzbh -> com.google.android.gms.measurement.internal.j0:
    com.google.android.gms.measurement.internal.zzee zza -> a
    java.lang.Object zza() -> a
com.google.android.gms.measurement.internal.zzbi -> com.google.android.gms.measurement.internal.k0:
    com.google.android.gms.measurement.internal.zzee zza -> a
    java.lang.Object zza() -> a
com.google.android.gms.measurement.internal.zzbj -> com.google.android.gms.measurement.internal.l0:
    com.google.android.gms.measurement.internal.zzee zza -> a
    java.lang.Object zza() -> a
com.google.android.gms.measurement.internal.zzbk -> com.google.android.gms.measurement.internal.m0:
    com.google.android.gms.measurement.internal.zzee zza -> a
    java.lang.Object zza() -> a
com.google.android.gms.measurement.internal.zzbl -> com.google.android.gms.measurement.internal.n0:
    com.google.android.gms.measurement.internal.zzee zza -> a
    java.lang.Object zza() -> a
com.google.android.gms.measurement.internal.zzbm -> com.google.android.gms.measurement.internal.o0:
    com.google.android.gms.measurement.internal.zzee zza -> a
    java.lang.Object zza() -> a
com.google.android.gms.measurement.internal.zzbn -> com.google.android.gms.measurement.internal.p0:
    com.google.android.gms.measurement.internal.zzee zza -> a
    java.lang.Object zza() -> a
com.google.android.gms.measurement.internal.zzbo -> com.google.android.gms.measurement.internal.q0:
    com.google.android.gms.measurement.internal.zzee zza -> a
    java.lang.Object zza() -> a
com.google.android.gms.measurement.internal.zzbp -> com.google.android.gms.measurement.internal.r0:
    com.google.android.gms.measurement.internal.zzee zza -> a
    java.lang.Object zza() -> a
com.google.android.gms.measurement.internal.zzbq -> com.google.android.gms.measurement.internal.s0:
    com.google.android.gms.measurement.internal.zzee zza -> a
    java.lang.Object zza() -> a
com.google.android.gms.measurement.internal.zzbr -> com.google.android.gms.measurement.internal.t0:
    com.google.android.gms.measurement.internal.zzee zza -> a
    java.lang.Object zza() -> a
com.google.android.gms.measurement.internal.zzbs -> com.google.android.gms.measurement.internal.u0:
    com.google.android.gms.measurement.internal.zzee zza -> a
    java.lang.Object zza() -> a
com.google.android.gms.measurement.internal.zzbt -> com.google.android.gms.measurement.internal.v0:
    com.google.android.gms.measurement.internal.zzee zza -> a
    java.lang.Object zza() -> a
com.google.android.gms.measurement.internal.zzbu -> com.google.android.gms.measurement.internal.w0:
    com.google.android.gms.measurement.internal.zzee zza -> a
    java.lang.Object zza() -> a
com.google.android.gms.measurement.internal.zzbv -> com.google.android.gms.measurement.internal.x0:
    com.google.android.gms.measurement.internal.zzee zza -> a
    java.lang.Object zza() -> a
com.google.android.gms.measurement.internal.zzbw -> com.google.android.gms.measurement.internal.y0:
    com.google.android.gms.measurement.internal.zzee zza -> a
    java.lang.Object zza() -> a