build/app/outputs/mapping/release/usage.txt
com.zachnology.techreviews.R$layout
com.zachnology.techreviews.R$color
com.zachnology.techreviews.R$attr
com.zachnology.techreviews.R$mipmap
com.zachnology.techreviews.R$id
com.zachnology.techreviews.R$dimen
com.zachnology.techreviews.R$integer
com.zachnology.techreviews.R$drawable
com.zachnology.techreviews.R$styleable
com.zachnology.techreviews.R$string
com.zachnology.techreviews.R
com.zachnology.techreviews.R$style
com.zachnology.techreviews.BuildConfig
...
com.google.common.collect.ForwardingSet
androidx.core.app.NotificationCompat$Action$Extender
com.google.common.collect.ImmutableMultimap$1
com.google.android.gms.internal.firebase_auth.zzp$zza$zza
com.google.android.gms.common.api.internal.PendingResultFacade
com.google.common.collect.Multisets
com.google.common.primitives.ImmutableDoubleArray$Builder
androidx.test.espresso.matcher.ViewMatchers$HasSiblingMatcher
io.flutter.embedding.engine.plugins.util.GeneratedPluginRegister:
    public void <init>()
    private static final java.lang.String TAG
androidx.webkit.internal.WebkitToCompatConverter:
    public androidx.webkit.internal.WebSettingsAdapter convertSettings(android.webkit.WebSettings)
    public androidx.webkit.internal.WebResourceRequestAdapter convertWebResourceRequest(android.webkit.WebResourceRequest)
    public java.lang.reflect.InvocationHandler convertServiceWorkerSettings(android.webkit.ServiceWorkerWebSettings)
    public android.webkit.ServiceWorkerWebSettings convertServiceWorkerSettings(java.lang.reflect.InvocationHandler)
    java.lang.reflect.InvocationHandler convertWebMessagePort(android.webkit.WebMessagePort)
    android.webkit.WebMessagePort convertWebMessagePort(java.lang.reflect.InvocationHandler)
kotlin.jvm.functions.Function5
com.example.appsettings.R$color
androidx.test.espresso.core.internal.deps.guava.base.Absent
kotlin.coroutines.experimental.SequenceBuilderKt
org.junit.experimental.theories.FromDataPoints
com.google.common.hash.AbstractByteHasher
com.google.android.gms.common.server.response.zah
com.google.common.io.AppendableWriter
com.google.firebase.auth.internal.zzw:
    public static com.google.firebase.auth.internal.zzw zza(java.lang.String)
com.google.common.collect.Maps
kotlin.KotlinVersion:
    public void <init>(int,int)
    public final boolean isAtLeast(int,int)
    public final boolean isAtLeast(int,int,int)
    public final int getMajor()
    public final int getMinor()
    public final int getPatch()
    public static final int MAX_COMPONENT_VALUE
kotlin.Result
org.junit.Assume
org.junit.experimental.categories.Categories$IncludeCategory
androidx.core.os.MessageCompat
io.flutter.plugin.common.PluginRegistry:
    public abstract boolean hasPlugin(java.lang.String)
    public abstract java.lang.Object valuePublishedByPlugin(java.lang.String)
androidx.test.espresso.action.GeneralLocation$Position$3
com.google.common.collect.Synchronized$SynchronizedMultiset
androidx.webkit.internal.WebViewProviderFactoryAdapter:
    public org.chromium.support_lib_boundary.WebViewProviderBoundaryInterface createWebView(android.webkit.WebView)
    public org.chromium.support_lib_boundary.StaticsBoundaryInterface getStatics()
    public org.chromium.support_lib_boundary.ServiceWorkerControllerBoundaryInterface getServiceWorkerController()
com.google.firebase.auth.internal.zzah:
    private boolean zza
com.google.android.gms.internal.common.zze:
    private static volatile com.google.android.gms.internal.common.zzf zziu
com.google.android.gms.internal.measurement.zziq:
    private com.google.android.gms.internal.measurement.zzgr zzb
    private static final com.google.android.gms.internal.measurement.zzhm zza
io.flutter.plugins.firebasemessaging.LatchResult$1:
    final synthetic io.flutter.plugins.firebasemessaging.LatchResult this$0